2019-09-18 15:43:02,606 zhipin.py[line:305] INFO 请扫描二维码登陆
2019-09-18 15:43:45,658 zhipin.py[line:305] INFO 请扫描二维码登陆
2019-09-18 15:44:23,636 zhipin.py[line:305] INFO 请扫描二维码登陆
2019-09-18 23:45:39,024 zhipin.py[line:305] INFO 请扫描二维码登陆
2019-09-18 23:47:03,836 zhipin.py[line:305] INFO 请扫描二维码登陆
2019-09-18 23:47:49,738 zhipin.py[line:305] INFO 请扫描二维码登陆
2019-09-18 23:47:59,939 zhipin.py[line:305] INFO 请扫描二维码登陆
2019-09-18 23:48:38,745 zhipin.py[line:305] INFO 请扫描二维码登陆
2019-09-18 23:48:57,092 zhipin.py[line:305] INFO 请扫描二维码登陆
2019-09-18 23:50:53,281 zhipin.py[line:305] INFO 请扫描二维码登陆
2019-09-18 23:52:03,681 zhipin.py[line:305] INFO 请扫描二维码登陆
2019-09-18 23:52:14,736 zhipin.py[line:305] INFO 请扫描二维码登陆
2019-09-18 23:54:00,114 zhipin.py[line:305] INFO 请扫描二维码登陆
2019-09-18 23:54:29,766 zhipin.py[line:305] INFO 请扫描二维码登陆
2019-09-18 23:55:00,035 zhipin.py[line:305] INFO 请扫描二维码登陆
2019-09-18 23:55:00,150 zhipin.py[line:316] DEBUG {"code":0,"message":"Success","zpData":{"qrId":"bosszp-4d58b8a3-0341-49e9-80f4-d24f30e1a9ab","randKey":"MmY8PAjg2o9wrxzPkXG0PZooY8vb1D6a"}}
2019-09-18 23:55:41,161 zhipin.py[line:305] INFO 请扫描二维码登陆
2019-09-18 23:55:41,241 zhipin.py[line:314] DEBUG {"code":0,"message":"Success","zpData":{"qrId":"bosszp-6aca9dee-ecb7-470d-b1fd-087f0ea68ad1","randKey":"rqiR2gPdD1aTf3Td4PkTXWSHVFQB3VwR"}}
2019-09-18 23:56:09,785 zhipin.py[line:305] INFO 请扫描二维码登陆
2019-09-18 23:58:00,811 zhipin.py[line:305] INFO 请扫描二维码登陆
2019-09-18 23:59:24,467 zhipin.py[line:305] INFO 请扫描二维码登陆
2019-09-18 23:59:45,735 zhipin.py[line:305] INFO 请扫描二维码登陆
2019-09-19 00:04:31,078 zhipin.py[line:305] INFO 请扫描二维码登陆
2019-09-19 00:18:06,349 run.py[line:28] INFO 目前可打招呼次数100次
2019-09-19 00:18:08,090 zhipin.py[line:244] INFO 简历查看成功
2019-09-19 00:18:08,091 zhipin.py[line:210] INFO 开始对胡艳军打招呼
2019-09-19 00:18:08,868 zhipin.py[line:220] DEBUG {"data":[{"geekId":76003871,"newfriend":1,"status":1,"stateDes":null,"greeting":"","greetingTip":0,"limitTitle":null,"limitCode":0,"beanCount":0,"restDays":0,"actionCount":0,"positionName":null,"jobId":null,"priceId":null,"targetId":null,"targetType":0,"payMode":0,"dayViewCount":0,"dayChatCount":0,"ba":null,"business":0,"blockPageData":null,"chatToast":null,"currentPriceType":0,"configId":0,"experiencePriceId":null}],"resmsg":"请求成功","rescode":1,"experiencePriceId":null,"configId":"07b5df7e131fbe2e1w~~"}
2019-09-19 00:18:08,868 zhipin.py[line:227] INFO 打招呼成功
2019-09-19 00:18:08,868 run.py[line:48] INFO 休息10s
2019-09-19 00:18:08,868 run.py[line:49] INFO 剩余打招呼次数99次
2019-09-19 00:18:18,989 zhipin.py[line:244] INFO 简历查看成功
2019-09-19 00:18:18,989 zhipin.py[line:210] INFO 开始对李娅彬打招呼
2019-09-19 00:18:20,157 zhipin.py[line:220] DEBUG {"data":[{"geekId":56964603,"newfriend":1,"status":1,"stateDes":null,"greeting":"","greetingTip":0,"limitTitle":null,"limitCode":0,"beanCount":0,"restDays":0,"actionCount":0,"positionName":null,"jobId":null,"priceId":null,"targetId":null,"targetType":0,"payMode":0,"dayViewCount":0,"dayChatCount":0,"ba":null,"business":0,"blockPageData":null,"chatToast":null,"currentPriceType":0,"configId":0,"experiencePriceId":null}],"resmsg":"请求成功","rescode":1,"experiencePriceId":null,"configId":"07b5df7e131fbe2e1w~~"}
2019-09-19 00:18:20,157 zhipin.py[line:227] INFO 打招呼成功
2019-09-19 00:18:20,157 run.py[line:48] INFO 休息10s
2019-09-19 00:18:20,158 run.py[line:49] INFO 剩余打招呼次数98次
2019-09-19 00:18:30,259 zhipin.py[line:244] INFO 简历查看成功
2019-09-19 00:18:30,261 zhipin.py[line:210] INFO 开始对刘国超打招呼
2019-09-19 00:18:30,662 zhipin.py[line:220] DEBUG {"data":[{"geekId":21186373,"newfriend":1,"status":1,"stateDes":null,"greeting":"","greetingTip":0,"limitTitle":null,"limitCode":0,"beanCount":0,"restDays":0,"actionCount":0,"positionName":null,"jobId":null,"priceId":null,"targetId":null,"targetType":0,"payMode":0,"dayViewCount":0,"dayChatCount":0,"ba":null,"business":0,"blockPageData":null,"chatToast":null,"currentPriceType":0,"configId":0,"experiencePriceId":null}],"resmsg":"请求成功","rescode":1,"experiencePriceId":null,"configId":"07b5df7e131fbe2e1w~~"}
2019-09-19 00:18:30,663 zhipin.py[line:227] INFO 打招呼成功
2019-09-19 00:18:30,663 run.py[line:48] INFO 休息10s
2019-09-19 00:18:30,663 run.py[line:49] INFO 剩余打招呼次数97次
2019-09-19 00:18:40,767 zhipin.py[line:244] INFO 简历查看成功
2019-09-19 00:18:40,767 zhipin.py[line:210] INFO 开始对张熙为打招呼
2019-09-19 00:18:41,056 zhipin.py[line:220] DEBUG {"data":[{"geekId":12080904,"newfriend":1,"status":1,"stateDes":null,"greeting":"","greetingTip":0,"limitTitle":null,"limitCode":0,"beanCount":0,"restDays":0,"actionCount":0,"positionName":null,"jobId":null,"priceId":null,"targetId":null,"targetType":0,"payMode":0,"dayViewCount":0,"dayChatCount":0,"ba":null,"business":0,"blockPageData":null,"chatToast":null,"currentPriceType":0,"configId":0,"experiencePriceId":null}],"resmsg":"请求成功","rescode":1,"experiencePriceId":null,"configId":"07b5df7e131fbe2e1w~~"}
2019-09-19 00:18:41,056 zhipin.py[line:227] INFO 打招呼成功
2019-09-19 00:18:41,056 run.py[line:48] INFO 休息10s
2019-09-19 00:18:41,056 run.py[line:49] INFO 剩余打招呼次数96次
2019-09-19 00:18:51,207 zhipin.py[line:244] INFO 简历查看成功
2019-09-19 00:18:51,208 zhipin.py[line:210] INFO 开始对张龙海打招呼
2019-09-19 00:18:51,471 zhipin.py[line:220] DEBUG {"data":[{"geekId":43347848,"newfriend":1,"status":1,"stateDes":null,"greeting":"","greetingTip":0,"limitTitle":null,"limitCode":0,"beanCount":0,"restDays":0,"actionCount":0,"positionName":null,"jobId":null,"priceId":null,"targetId":null,"targetType":0,"payMode":0,"dayViewCount":0,"dayChatCount":0,"ba":null,"business":0,"blockPageData":null,"chatToast":null,"currentPriceType":0,"configId":0,"experiencePriceId":null}],"resmsg":"请求成功","rescode":1,"experiencePriceId":null,"configId":"07b5df7e131fbe2e1w~~"}
2019-09-19 00:18:51,471 zhipin.py[line:227] INFO 打招呼成功
2019-09-19 00:18:51,471 run.py[line:48] INFO 休息10s
2019-09-19 00:18:51,472 run.py[line:49] INFO 剩余打招呼次数95次
2019-09-19 00:19:01,603 zhipin.py[line:244] INFO 简历查看成功
2019-09-19 00:19:01,604 zhipin.py[line:210] INFO 开始对郝月凯打招呼
2019-09-19 00:19:02,013 zhipin.py[line:220] DEBUG {"data":[{"geekId":20544788,"newfriend":1,"status":1,"stateDes":null,"greeting":"","greetingTip":0,"limitTitle":null,"limitCode":0,"beanCount":0,"restDays":0,"actionCount":0,"positionName":null,"jobId":null,"priceId":null,"targetId":null,"targetType":0,"payMode":0,"dayViewCount":0,"dayChatCount":0,"ba":null,"business":0,"blockPageData":null,"chatToast":null,"currentPriceType":0,"configId":0,"experiencePriceId":null}],"resmsg":"请求成功","rescode":1,"experiencePriceId":null,"configId":"07b5df7e131fbe2e1w~~"}
2019-09-19 00:19:02,014 zhipin.py[line:227] INFO 打招呼成功
2019-09-19 00:19:02,014 run.py[line:48] INFO 休息10s
2019-09-19 00:19:02,014 run.py[line:49] INFO 剩余打招呼次数94次
2019-09-19 00:19:12,142 zhipin.py[line:244] INFO 简历查看成功
2019-09-19 00:19:12,143 zhipin.py[line:210] INFO 开始对李良臣打招呼
2019-09-19 00:19:13,283 zhipin.py[line:220] DEBUG {"data":[{"geekId":31827398,"newfriend":1,"status":1,"stateDes":null,"greeting":"","greetingTip":0,"limitTitle":null,"limitCode":0,"beanCount":0,"restDays":0,"actionCount":0,"positionName":null,"jobId":null,"priceId":null,"targetId":null,"targetType":0,"payMode":0,"dayViewCount":0,"dayChatCount":0,"ba":null,"business":0,"blockPageData":null,"chatToast":null,"currentPriceType":0,"configId":0,"experiencePriceId":null}],"resmsg":"请求成功","rescode":1,"experiencePriceId":null,"configId":"07b5df7e131fbe2e1w~~"}
2019-09-19 00:19:13,283 zhipin.py[line:227] INFO 打招呼成功
2019-09-19 00:19:13,283 run.py[line:48] INFO 休息10s
2019-09-19 00:19:13,284 run.py[line:49] INFO 剩余打招呼次数93次
2019-09-19 00:19:23,393 zhipin.py[line:244] INFO 简历查看成功
2019-09-19 00:19:23,398 zhipin.py[line:210] INFO 开始对董彤彤打招呼
2019-09-19 00:19:23,665 zhipin.py[line:220] DEBUG {"data":[{"geekId":5645804,"newfriend":1,"status":1,"stateDes":null,"greeting":"","greetingTip":0,"limitTitle":null,"limitCode":0,"beanCount":0,"restDays":0,"actionCount":0,"positionName":null,"jobId":null,"priceId":null,"targetId":null,"targetType":0,"payMode":0,"dayViewCount":0,"dayChatCount":0,"ba":null,"business":0,"blockPageData":null,"chatToast":null,"currentPriceType":0,"configId":0,"experiencePriceId":null}],"resmsg":"请求成功","rescode":1,"experiencePriceId":null,"configId":"07b5df7e131fbe2e1w~~"}
2019-09-19 00:19:23,665 zhipin.py[line:227] INFO 打招呼成功
2019-09-19 00:19:23,665 run.py[line:48] INFO 休息10s
2019-09-19 00:19:23,665 run.py[line:49] INFO 剩余打招呼次数92次
2019-09-19 00:19:33,773 zhipin.py[line:244] INFO 简历查看成功
2019-09-19 00:19:33,775 zhipin.py[line:210] INFO 开始对杨玉川打招呼
2019-09-19 00:19:33,997 zhipin.py[line:220] DEBUG {"data":[{"geekId":60607793,"newfriend":1,"status":1,"stateDes":null,"greeting":"","greetingTip":0,"limitTitle":null,"limitCode":0,"beanCount":0,"restDays":0,"actionCount":0,"positionName":null,"jobId":null,"priceId":null,"targetId":null,"targetType":0,"payMode":0,"dayViewCount":0,"dayChatCount":0,"ba":null,"business":0,"blockPageData":null,"chatToast":null,"currentPriceType":0,"configId":0,"experiencePriceId":null}],"resmsg":"请求成功","rescode":1,"experiencePriceId":null,"configId":"07b5df7e131fbe2e1w~~"}
2019-09-19 00:19:33,997 zhipin.py[line:227] INFO 打招呼成功
2019-09-19 00:19:33,998 run.py[line:48] INFO 休息10s
2019-09-19 00:19:33,998 run.py[line:49] INFO 剩余打招呼次数91次
2019-09-19 00:19:44,111 zhipin.py[line:244] INFO 简历查看成功
2019-09-19 00:19:44,124 zhipin.py[line:210] INFO 开始对张喜路打招呼
2019-09-19 00:19:44,345 zhipin.py[line:220] DEBUG {"data":[{"geekId":27486220,"newfriend":1,"status":1,"stateDes":null,"greeting":"","greetingTip":0,"limitTitle":null,"limitCode":0,"beanCount":0,"restDays":0,"actionCount":0,"positionName":null,"jobId":null,"priceId":null,"targetId":null,"targetType":0,"payMode":0,"dayViewCount":0,"dayChatCount":0,"ba":null,"business":0,"blockPageData":null,"chatToast":null,"currentPriceType":0,"configId":0,"experiencePriceId":null}],"resmsg":"请求成功","rescode":1,"experiencePriceId":null,"configId":"07b5df7e131fbe2e1w~~"}
2019-09-19 00:19:44,346 zhipin.py[line:227] INFO 打招呼成功
2019-09-19 00:19:44,346 run.py[line:48] INFO 休息10s
2019-09-19 00:19:44,347 run.py[line:49] INFO 剩余打招呼次数90次
2019-09-19 00:19:54,465 zhipin.py[line:244] INFO 简历查看成功
2019-09-19 00:19:54,466 zhipin.py[line:210] INFO 开始对王丽娟打招呼
2019-09-19 00:19:54,851 zhipin.py[line:220] DEBUG {"data":[{"geekId":29848935,"newfriend":1,"status":1,"stateDes":null,"greeting":"","greetingTip":0,"limitTitle":null,"limitCode":0,"beanCount":0,"restDays":0,"actionCount":0,"positionName":null,"jobId":null,"priceId":null,"targetId":null,"targetType":0,"payMode":0,"dayViewCount":0,"dayChatCount":0,"ba":null,"business":0,"blockPageData":null,"chatToast":null,"currentPriceType":0,"configId":0,"experiencePriceId":null}],"resmsg":"请求成功","rescode":1,"experiencePriceId":null,"configId":"07b5df7e131fbe2e1w~~"}
2019-09-19 00:19:54,851 zhipin.py[line:227] INFO 打招呼成功
2019-09-19 00:19:54,852 run.py[line:48] INFO 休息10s
2019-09-19 00:19:54,852 run.py[line:49] INFO 剩余打招呼次数89次
2019-09-19 00:20:04,951 zhipin.py[line:244] INFO 简历查看成功
2019-09-19 00:20:04,951 zhipin.py[line:210] INFO 开始对史玲玲打招呼
2019-09-19 00:20:05,296 zhipin.py[line:220] DEBUG {"data":[{"geekId":47964480,"newfriend":1,"status":1,"stateDes":null,"greeting":"","greetingTip":0,"limitTitle":null,"limitCode":0,"beanCount":0,"restDays":0,"actionCount":0,"positionName":null,"jobId":null,"priceId":null,"targetId":null,"targetType":0,"payMode":0,"dayViewCount":0,"dayChatCount":0,"ba":null,"business":0,"blockPageData":null,"chatToast":null,"currentPriceType":0,"configId":0,"experiencePriceId":null}],"resmsg":"请求成功","rescode":1,"experiencePriceId":null,"configId":"07b5df7e131fbe2e1w~~"}
2019-09-19 00:20:05,297 zhipin.py[line:227] INFO 打招呼成功
2019-09-19 00:20:05,297 run.py[line:48] INFO 休息10s
2019-09-19 00:20:05,297 run.py[line:49] INFO 剩余打招呼次数88次
2019-09-19 00:20:16,010 run.py[line:28] INFO 目前可打招呼次数88次
2019-09-19 00:20:17,562 zhipin.py[line:244] INFO 简历查看成功
2019-09-19 00:20:17,562 zhipin.py[line:210] INFO 开始对谷亚涛打招呼
2019-09-19 00:20:17,904 zhipin.py[line:220] DEBUG {"data":[{"geekId":40793166,"newfriend":1,"status":1,"stateDes":null,"greeting":"","greetingTip":0,"limitTitle":null,"limitCode":0,"beanCount":0,"restDays":0,"actionCount":0,"positionName":null,"jobId":null,"priceId":null,"targetId":null,"targetType":0,"payMode":0,"dayViewCount":0,"dayChatCount":0,"ba":null,"business":0,"blockPageData":null,"chatToast":null,"currentPriceType":0,"configId":0,"experiencePriceId":null}],"resmsg":"请求成功","rescode":1,"experiencePriceId":null,"configId":"07b5df7e131fbe2e1w~~"}
2019-09-19 00:20:17,904 zhipin.py[line:227] INFO 打招呼成功
2019-09-19 00:20:17,904 run.py[line:48] INFO 休息10s
2019-09-19 00:20:17,905 run.py[line:49] INFO 剩余打招呼次数87次
2019-09-19 00:20:28,019 zhipin.py[line:244] INFO 简历查看成功
2019-09-19 00:20:28,021 zhipin.py[line:210] INFO 开始对李静打招呼
2019-09-19 00:20:28,336 zhipin.py[line:220] DEBUG {"data":[{"geekId":36710356,"newfriend":1,"status":1,"stateDes":null,"greeting":"","greetingTip":0,"limitTitle":null,"limitCode":0,"beanCount":0,"restDays":0,"actionCount":0,"positionName":null,"jobId":null,"priceId":null,"targetId":null,"targetType":0,"payMode":0,"dayViewCount":0,"dayChatCount":0,"ba":null,"business":0,"blockPageData":null,"chatToast":null,"currentPriceType":0,"configId":0,"experiencePriceId":null}],"resmsg":"请求成功","rescode":1,"experiencePriceId":null,"configId":"07b5df7e131fbe2e1w~~"}
2019-09-19 00:20:28,336 zhipin.py[line:227] INFO 打招呼成功
2019-09-19 00:20:28,336 run.py[line:48] INFO 休息10s
2019-09-19 00:20:28,336 run.py[line:49] INFO 剩余打招呼次数86次
2019-09-19 00:20:38,439 zhipin.py[line:244] INFO 简历查看成功
2019-09-19 00:20:38,440 zhipin.py[line:210] INFO 开始对韩旭打招呼
2019-09-19 00:20:38,681 zhipin.py[line:220] DEBUG {"data":[{"geekId":73871698,"newfriend":1,"status":1,"stateDes":null,"greeting":"","greetingTip":0,"limitTitle":null,"limitCode":0,"beanCount":0,"restDays":0,"actionCount":0,"positionName":null,"jobId":null,"priceId":null,"targetId":null,"targetType":0,"payMode":0,"dayViewCount":0,"dayChatCount":0,"ba":null,"business":0,"blockPageData":null,"chatToast":null,"currentPriceType":0,"configId":0,"experiencePriceId":null}],"resmsg":"请求成功","rescode":1,"experiencePriceId":null,"configId":"07b5df7e131fbe2e1w~~"}
2019-09-19 00:20:38,681 zhipin.py[line:227] INFO 打招呼成功
2019-09-19 00:20:38,681 run.py[line:48] INFO 休息10s
2019-09-19 00:20:38,681 run.py[line:49] INFO 剩余打招呼次数85次
2019-09-19 00:20:48,796 zhipin.py[line:244] INFO 简历查看成功
2019-09-19 00:20:48,796 zhipin.py[line:210] INFO 开始对尤瑞军打招呼
2019-09-19 00:20:49,135 zhipin.py[line:220] DEBUG {"data":[{"geekId":12085812,"newfriend":1,"status":1,"stateDes":null,"greeting":"","greetingTip":0,"limitTitle":null,"limitCode":0,"beanCount":0,"restDays":0,"actionCount":0,"positionName":null,"jobId":null,"priceId":null,"targetId":null,"targetType":0,"payMode":0,"dayViewCount":0,"dayChatCount":0,"ba":null,"business":0,"blockPageData":null,"chatToast":null,"currentPriceType":0,"configId":0,"experiencePriceId":null}],"resmsg":"请求成功","rescode":1,"experiencePriceId":null,"configId":"07b5df7e131fbe2e1w~~"}
2019-09-19 00:20:49,136 zhipin.py[line:227] INFO 打招呼成功
2019-09-19 00:20:49,136 run.py[line:48] INFO 休息10s
2019-09-19 00:20:49,136 run.py[line:49] INFO 剩余打招呼次数84次
2019-09-19 00:20:59,255 zhipin.py[line:244] INFO 简历查看成功
2019-09-19 00:20:59,255 zhipin.py[line:210] INFO 开始对王静打招呼
2019-09-19 00:20:59,570 zhipin.py[line:220] DEBUG {"data":[{"geekId":72829360,"newfriend":1,"status":1,"stateDes":null,"greeting":"","greetingTip":0,"limitTitle":null,"limitCode":0,"beanCount":0,"restDays":0,"actionCount":0,"positionName":null,"jobId":null,"priceId":null,"targetId":null,"targetType":0,"payMode":0,"dayViewCount":0,"dayChatCount":0,"ba":null,"business":0,"blockPageData":null,"chatToast":null,"currentPriceType":0,"configId":0,"experiencePriceId":null}],"resmsg":"请求成功","rescode":1,"experiencePriceId":null,"configId":"07b5df7e131fbe2e1w~~"}
2019-09-19 00:20:59,570 zhipin.py[line:227] INFO 打招呼成功
2019-09-19 00:20:59,571 run.py[line:48] INFO 休息10s
2019-09-19 00:20:59,571 run.py[line:49] INFO 剩余打招呼次数83次
2019-09-19 00:21:09,705 zhipin.py[line:244] INFO 简历查看成功
2019-09-19 00:21:09,707 zhipin.py[line:210] INFO 开始对王子琦打招呼
2019-09-19 00:21:09,993 zhipin.py[line:220] DEBUG {"data":[{"geekId":91238,"newfriend":1,"status":1,"stateDes":null,"greeting":"","greetingTip":0,"limitTitle":null,"limitCode":0,"beanCount":0,"restDays":0,"actionCount":0,"positionName":null,"jobId":null,"priceId":null,"targetId":null,"targetType":0,"payMode":0,"dayViewCount":0,"dayChatCount":0,"ba":null,"business":0,"blockPageData":null,"chatToast":null,"currentPriceType":0,"configId":0,"experiencePriceId":null}],"resmsg":"请求成功","rescode":1,"experiencePriceId":null,"configId":"07b5df7e131fbe2e1w~~"}
2019-09-19 00:21:09,993 zhipin.py[line:227] INFO 打招呼成功
2019-09-19 00:21:09,993 run.py[line:48] INFO 休息10s
2019-09-19 00:21:09,993 run.py[line:49] INFO 剩余打招呼次数82次
2019-09-19 00:21:20,100 zhipin.py[line:244] INFO 简历查看成功
2019-09-19 00:21:20,101 zhipin.py[line:210] INFO 开始对陈张辉打招呼
2019-09-19 00:21:20,339 zhipin.py[line:220] DEBUG {"data":[{"geekId":45781829,"newfriend":1,"status":1,"stateDes":null,"greeting":"","greetingTip":0,"limitTitle":null,"limitCode":0,"beanCount":0,"restDays":0,"actionCount":0,"positionName":null,"jobId":null,"priceId":null,"targetId":null,"targetType":0,"payMode":0,"dayViewCount":0,"dayChatCount":0,"ba":null,"business":0,"blockPageData":null,"chatToast":null,"currentPriceType":0,"configId":0,"experiencePriceId":null}],"resmsg":"请求成功","rescode":1,"experiencePriceId":null,"configId":"07b5df7e131fbe2e1w~~"}
2019-09-19 00:21:20,339 zhipin.py[line:227] INFO 打招呼成功
2019-09-19 00:21:20,339 run.py[line:48] INFO 休息10s
2019-09-19 00:21:20,340 run.py[line:49] INFO 剩余打招呼次数81次
2019-09-19 00:21:30,446 zhipin.py[line:244] INFO 简历查看成功
2019-09-19 00:21:30,447 zhipin.py[line:210] INFO 开始对薛坤打招呼
2019-09-19 00:21:30,698 zhipin.py[line:220] DEBUG {"data":[{"geekId":35642541,"newfriend":1,"status":1,"stateDes":null,"greeting":"","greetingTip":0,"limitTitle":null,"limitCode":0,"beanCount":0,"restDays":0,"actionCount":0,"positionName":null,"jobId":null,"priceId":null,"targetId":null,"targetType":0,"payMode":0,"dayViewCount":0,"dayChatCount":0,"ba":null,"business":0,"blockPageData":null,"chatToast":null,"currentPriceType":0,"configId":0,"experiencePriceId":null}],"resmsg":"请求成功","rescode":1,"experiencePriceId":null,"configId":"07b5df7e131fbe2e1w~~"}
2019-09-19 00:21:30,698 zhipin.py[line:227] INFO 打招呼成功
2019-09-19 00:21:30,698 run.py[line:48] INFO 休息10s
2019-09-19 00:21:30,698 run.py[line:49] INFO 剩余打招呼次数80次
2019-09-19 00:21:40,797 zhipin.py[line:244] INFO 简历查看成功
2019-09-19 00:21:40,798 zhipin.py[line:210] INFO 开始对张宗洋打招呼
2019-09-19 00:21:41,030 zhipin.py[line:220] DEBUG {"data":[{"geekId":27654845,"newfriend":1,"status":1,"stateDes":null,"greeting":"","greetingTip":0,"limitTitle":null,"limitCode":0,"beanCount":0,"restDays":0,"actionCount":0,"positionName":null,"jobId":null,"priceId":null,"targetId":null,"targetType":0,"payMode":0,"dayViewCount":0,"dayChatCount":0,"ba":null,"business":0,"blockPageData":null,"chatToast":null,"currentPriceType":0,"configId":0,"experiencePriceId":null}],"resmsg":"请求成功","rescode":1,"experiencePriceId":null,"configId":"07b5df7e131fbe2e1w~~"}
2019-09-19 00:21:41,031 zhipin.py[line:227] INFO 打招呼成功
2019-09-19 00:21:41,031 run.py[line:48] INFO 休息10s
2019-09-19 00:21:41,031 run.py[line:49] INFO 剩余打招呼次数79次
2019-09-19 00:21:51,127 zhipin.py[line:244] INFO 简历查看成功
2019-09-19 00:21:51,127 zhipin.py[line:210] INFO 开始对李潇潇打招呼
2019-09-19 00:21:51,351 zhipin.py[line:220] DEBUG {"data":[{"geekId":74082124,"newfriend":1,"status":1,"stateDes":null,"greeting":"","greetingTip":0,"limitTitle":null,"limitCode":0,"beanCount":0,"restDays":0,"actionCount":0,"positionName":null,"jobId":null,"priceId":null,"targetId":null,"targetType":0,"payMode":0,"dayViewCount":0,"dayChatCount":0,"ba":null,"business":0,"blockPageData":null,"chatToast":null,"currentPriceType":0,"configId":0,"experiencePriceId":null}],"resmsg":"请求成功","rescode":1,"experiencePriceId":null,"configId":"07b5df7e131fbe2e1w~~"}
2019-09-19 00:21:51,351 zhipin.py[line:227] INFO 打招呼成功
2019-09-19 00:21:51,351 run.py[line:48] INFO 休息10s
2019-09-19 00:21:51,351 run.py[line:49] INFO 剩余打招呼次数78次
2019-09-19 00:22:01,467 zhipin.py[line:244] INFO 简历查看成功
2019-09-19 00:22:01,468 zhipin.py[line:210] INFO 开始对刘欣打招呼
2019-09-19 00:22:01,725 zhipin.py[line:220] DEBUG {"data":[{"geekId":36430641,"newfriend":1,"status":1,"stateDes":null,"greeting":"","greetingTip":0,"limitTitle":null,"limitCode":0,"beanCount":0,"restDays":0,"actionCount":0,"positionName":null,"jobId":null,"priceId":null,"targetId":null,"targetType":0,"payMode":0,"dayViewCount":0,"dayChatCount":0,"ba":null,"business":0,"blockPageData":null,"chatToast":null,"currentPriceType":0,"configId":0,"experiencePriceId":null}],"resmsg":"请求成功","rescode":1,"experiencePriceId":null,"configId":"07b5df7e131fbe2e1w~~"}
2019-09-19 00:22:01,725 zhipin.py[line:227] INFO 打招呼成功
2019-09-19 00:22:01,725 run.py[line:48] INFO 休息10s
2019-09-19 00:22:01,725 run.py[line:49] INFO 剩余打招呼次数77次
2019-09-19 00:22:11,842 zhipin.py[line:244] INFO 简历查看成功
2019-09-19 00:22:11,842 zhipin.py[line:210] INFO 开始对张婷婷打招呼
2019-09-19 00:22:12,171 zhipin.py[line:220] DEBUG {"data":[{"geekId":72375764,"newfriend":1,"status":1,"stateDes":null,"greeting":"","greetingTip":0,"limitTitle":null,"limitCode":0,"beanCount":0,"restDays":0,"actionCount":0,"positionName":null,"jobId":null,"priceId":null,"targetId":null,"targetType":0,"payMode":0,"dayViewCount":0,"dayChatCount":0,"ba":null,"business":0,"blockPageData":null,"chatToast":null,"currentPriceType":0,"configId":0,"experiencePriceId":null}],"resmsg":"请求成功","rescode":1,"experiencePriceId":null,"configId":"07b5df7e131fbe2e1w~~"}
2019-09-19 00:22:12,171 zhipin.py[line:227] INFO 打招呼成功
2019-09-19 00:22:12,171 run.py[line:48] INFO 休息10s
2019-09-19 00:22:12,171 run.py[line:49] INFO 剩余打招呼次数76次
2019-09-19 00:22:22,269 zhipin.py[line:244] INFO 简历查看成功
2019-09-19 00:22:22,270 zhipin.py[line:210] INFO 开始对王婷打招呼
2019-09-19 00:22:22,512 zhipin.py[line:220] DEBUG {"data":[{"geekId":75400084,"newfriend":1,"status":1,"stateDes":null,"greeting":"","greetingTip":0,"limitTitle":null,"limitCode":0,"beanCount":0,"restDays":0,"actionCount":0,"positionName":null,"jobId":null,"priceId":null,"targetId":null,"targetType":0,"payMode":0,"dayViewCount":0,"dayChatCount":0,"ba":null,"business":0,"blockPageData":null,"chatToast":null,"currentPriceType":0,"configId":0,"experiencePriceId":null}],"resmsg":"请求成功","rescode":1,"experiencePriceId":null,"configId":"07b5df7e131fbe2e1w~~"}
2019-09-19 00:22:22,513 zhipin.py[line:227] INFO 打招呼成功
2019-09-19 00:22:22,513 run.py[line:48] INFO 休息10s
2019-09-19 00:22:22,513 run.py[line:49] INFO 剩余打招呼次数75次
2019-09-19 00:22:32,753 zhipin.py[line:244] INFO 简历查看成功
2019-09-19 00:22:32,753 zhipin.py[line:210] INFO 开始对杜红霞打招呼
2019-09-19 00:22:33,060 zhipin.py[line:220] DEBUG {"data":[{"geekId":4309736,"newfriend":1,"status":1,"stateDes":null,"greeting":"","greetingTip":0,"limitTitle":null,"limitCode":0,"beanCount":0,"restDays":0,"actionCount":0,"positionName":null,"jobId":null,"priceId":null,"targetId":null,"targetType":0,"payMode":0,"dayViewCount":0,"dayChatCount":0,"ba":null,"business":0,"blockPageData":null,"chatToast":null,"currentPriceType":0,"configId":0,"experiencePriceId":null}],"resmsg":"请求成功","rescode":1,"experiencePriceId":null,"configId":"07b5df7e131fbe2e1w~~"}
2019-09-19 00:22:33,060 zhipin.py[line:227] INFO 打招呼成功
2019-09-19 00:22:33,060 run.py[line:48] INFO 休息10s
2019-09-19 00:22:33,060 run.py[line:49] INFO 剩余打招呼次数74次
2019-09-19 00:22:43,168 zhipin.py[line:244] INFO 简历查看成功
2019-09-19 00:22:43,169 zhipin.py[line:210] INFO 开始对范欣欣打招呼
2019-09-19 00:22:43,404 zhipin.py[line:220] DEBUG {"data":[{"geekId":48290029,"newfriend":1,"status":1,"stateDes":null,"greeting":"","greetingTip":0,"limitTitle":null,"limitCode":0,"beanCount":0,"restDays":0,"actionCount":0,"positionName":null,"jobId":null,"priceId":null,"targetId":null,"targetType":0,"payMode":0,"dayViewCount":0,"dayChatCount":0,"ba":null,"business":0,"blockPageData":null,"chatToast":null,"currentPriceType":0,"configId":0,"experiencePriceId":null}],"resmsg":"请求成功","rescode":1,"experiencePriceId":null,"configId":"07b5df7e131fbe2e1w~~"}
2019-09-19 00:22:43,404 zhipin.py[line:227] INFO 打招呼成功
2019-09-19 00:22:43,404 run.py[line:48] INFO 休息10s
2019-09-19 00:22:43,404 run.py[line:49] INFO 剩余打招呼次数73次
2019-09-19 00:22:53,452 run.py[line:28] INFO 目前可打招呼次数73次
2019-09-19 00:22:54,798 zhipin.py[line:244] INFO 简历查看成功
2019-09-19 00:22:54,798 zhipin.py[line:210] INFO 开始对于芳打招呼
2019-09-19 00:22:55,008 zhipin.py[line:220] DEBUG {"data":[{"geekId":34894229,"newfriend":1,"status":1,"stateDes":null,"greeting":"","greetingTip":0,"limitTitle":null,"limitCode":0,"beanCount":0,"restDays":0,"actionCount":0,"positionName":null,"jobId":null,"priceId":null,"targetId":null,"targetType":0,"payMode":0,"dayViewCount":0,"dayChatCount":0,"ba":null,"business":0,"blockPageData":null,"chatToast":null,"currentPriceType":0,"configId":0,"experiencePriceId":null}],"resmsg":"请求成功","rescode":1,"experiencePriceId":null,"configId":"07b5df7e131fbe2e1w~~"}
2019-09-19 00:22:55,008 zhipin.py[line:227] INFO 打招呼成功
2019-09-19 00:22:55,008 run.py[line:48] INFO 休息10s
2019-09-19 00:22:55,008 run.py[line:49] INFO 剩余打招呼次数72次
2019-09-19 00:23:06,158 run.py[line:28] INFO 目前可打招呼次数72次
2019-09-19 00:23:07,829 zhipin.py[line:244] INFO 简历查看成功
2019-09-19 00:23:07,830 zhipin.py[line:210] INFO 开始对张先生打招呼
2019-09-19 00:23:08,183 zhipin.py[line:220] DEBUG {"data":[{"geekId":59113638,"newfriend":1,"status":1,"stateDes":null,"greeting":"","greetingTip":0,"limitTitle":null,"limitCode":0,"beanCount":0,"restDays":0,"actionCount":0,"positionName":null,"jobId":null,"priceId":null,"targetId":null,"targetType":0,"payMode":0,"dayViewCount":0,"dayChatCount":0,"ba":null,"business":0,"blockPageData":null,"chatToast":null,"currentPriceType":0,"configId":0,"experiencePriceId":null}],"resmsg":"请求成功","rescode":1,"experiencePriceId":null,"configId":"07b5df7e131fbe2e1w~~"}
2019-09-19 00:23:08,183 zhipin.py[line:227] INFO 打招呼成功
2019-09-19 00:23:08,183 run.py[line:48] INFO 休息10s
2019-09-19 00:23:08,183 run.py[line:49] INFO 剩余打招呼次数71次
2019-09-19 00:23:18,314 zhipin.py[line:244] INFO 简历查看成功
2019-09-19 00:23:18,314 zhipin.py[line:210] INFO 开始对蔺小会打招呼
2019-09-19 00:23:19,140 zhipin.py[line:220] DEBUG {"data":[{"geekId":31145306,"newfriend":1,"status":1,"stateDes":null,"greeting":"","greetingTip":0,"limitTitle":null,"limitCode":0,"beanCount":0,"restDays":0,"actionCount":0,"positionName":null,"jobId":null,"priceId":null,"targetId":null,"targetType":0,"payMode":0,"dayViewCount":0,"dayChatCount":0,"ba":null,"business":0,"blockPageData":null,"chatToast":null,"currentPriceType":0,"configId":0,"experiencePriceId":null}],"resmsg":"请求成功","rescode":1,"experiencePriceId":null,"configId":"07b5df7e131fbe2e1w~~"}
2019-09-19 00:23:19,140 zhipin.py[line:227] INFO 打招呼成功
2019-09-19 00:23:19,140 run.py[line:48] INFO 休息10s
2019-09-19 00:23:19,141 run.py[line:49] INFO 剩余打招呼次数70次
2019-09-19 00:23:23,788 run.py[line:28] INFO 目前可打招呼次数70次
2019-09-19 00:23:25,414 zhipin.py[line:244] INFO 简历查看成功
2019-09-19 00:23:25,414 zhipin.py[line:210] INFO 开始对唐果打招呼
2019-09-19 00:23:25,694 zhipin.py[line:220] DEBUG {"data":[{"geekId":56065317,"newfriend":1,"status":1,"stateDes":null,"greeting":"","greetingTip":0,"limitTitle":null,"limitCode":0,"beanCount":0,"restDays":0,"actionCount":0,"positionName":null,"jobId":null,"priceId":null,"targetId":null,"targetType":0,"payMode":0,"dayViewCount":0,"dayChatCount":0,"ba":null,"business":0,"blockPageData":null,"chatToast":null,"currentPriceType":0,"configId":0,"experiencePriceId":null}],"resmsg":"请求成功","rescode":1,"experiencePriceId":null,"configId":"07b5df7e131fbe2e1w~~"}
2019-09-19 00:23:25,694 zhipin.py[line:227] INFO 打招呼成功
2019-09-19 00:23:25,694 run.py[line:48] INFO 休息10s
2019-09-19 00:23:25,694 run.py[line:49] INFO 剩余打招呼次数69次
2019-09-19 00:23:40,507 run.py[line:28] INFO 目前可打招呼次数69次
2019-09-19 00:23:42,310 zhipin.py[line:244] INFO 简历查看成功
2019-09-19 00:23:42,310 zhipin.py[line:210] INFO 开始对杨前芳打招呼
2019-09-19 00:23:44,053 zhipin.py[line:220] DEBUG {"data":[{"geekId":72850426,"newfriend":1,"status":1,"stateDes":null,"greeting":"","greetingTip":0,"limitTitle":null,"limitCode":0,"beanCount":0,"restDays":0,"actionCount":0,"positionName":null,"jobId":null,"priceId":null,"targetId":null,"targetType":0,"payMode":0,"dayViewCount":0,"dayChatCount":0,"ba":null,"business":0,"blockPageData":null,"chatToast":null,"currentPriceType":0,"configId":0,"experiencePriceId":null}],"resmsg":"请求成功","rescode":1,"experiencePriceId":null,"configId":"07b5df7e131fbe2e1w~~"}
2019-09-19 00:23:44,053 zhipin.py[line:227] INFO 打招呼成功
2019-09-19 00:23:44,053 run.py[line:48] INFO 休息10s
2019-09-19 00:23:44,053 run.py[line:49] INFO 剩余打招呼次数68次
2019-09-19 00:23:54,161 zhipin.py[line:244] INFO 简历查看成功
2019-09-19 00:23:54,162 zhipin.py[line:210] INFO 开始对裴春艳打招呼
2019-09-19 00:23:54,468 zhipin.py[line:220] DEBUG {"data":[{"geekId":61983984,"newfriend":1,"status":1,"stateDes":null,"greeting":"","greetingTip":0,"limitTitle":null,"limitCode":0,"beanCount":0,"restDays":0,"actionCount":0,"positionName":null,"jobId":null,"priceId":null,"targetId":null,"targetType":0,"payMode":0,"dayViewCount":0,"dayChatCount":0,"ba":null,"business":0,"blockPageData":null,"chatToast":null,"currentPriceType":0,"configId":0,"experiencePriceId":null}],"resmsg":"请求成功","rescode":1,"experiencePriceId":null,"configId":"07b5df7e131fbe2e1w~~"}
2019-09-19 00:23:54,468 zhipin.py[line:227] INFO 打招呼成功
2019-09-19 00:23:54,468 run.py[line:48] INFO 休息10s
2019-09-19 00:23:54,468 run.py[line:49] INFO 剩余打招呼次数67次
2019-09-19 00:24:04,567 zhipin.py[line:244] INFO 简历查看成功
2019-09-19 00:24:04,568 zhipin.py[line:210] INFO 开始对杨青松打招呼
2019-09-19 00:24:05,015 zhipin.py[line:220] DEBUG {"data":[{"geekId":76148357,"newfriend":1,"status":1,"stateDes":null,"greeting":"","greetingTip":0,"limitTitle":null,"limitCode":0,"beanCount":0,"restDays":0,"actionCount":0,"positionName":null,"jobId":null,"priceId":null,"targetId":null,"targetType":0,"payMode":0,"dayViewCount":0,"dayChatCount":0,"ba":null,"business":0,"blockPageData":null,"chatToast":null,"currentPriceType":0,"configId":0,"experiencePriceId":null}],"resmsg":"请求成功","rescode":1,"experiencePriceId":null,"configId":"07b5df7e131fbe2e1w~~"}
2019-09-19 00:24:05,015 zhipin.py[line:227] INFO 打招呼成功
2019-09-19 00:24:05,015 run.py[line:48] INFO 休息10s
2019-09-19 00:24:05,015 run.py[line:49] INFO 剩余打招呼次数66次
2019-09-19 00:24:15,261 zhipin.py[line:244] INFO 简历查看成功
2019-09-19 00:24:15,261 zhipin.py[line:210] INFO 开始对付长悦打招呼
2019-09-19 00:24:15,553 zhipin.py[line:220] DEBUG {"data":[{"geekId":72365541,"newfriend":1,"status":1,"stateDes":null,"greeting":"","greetingTip":0,"limitTitle":null,"limitCode":0,"beanCount":0,"restDays":0,"actionCount":0,"positionName":null,"jobId":null,"priceId":null,"targetId":null,"targetType":0,"payMode":0,"dayViewCount":0,"dayChatCount":0,"ba":null,"business":0,"blockPageData":null,"chatToast":null,"currentPriceType":0,"configId":0,"experiencePriceId":null}],"resmsg":"请求成功","rescode":1,"experiencePriceId":null,"configId":"07b5df7e131fbe2e1w~~"}
2019-09-19 00:24:15,553 zhipin.py[line:227] INFO 打招呼成功
2019-09-19 00:24:15,553 run.py[line:48] INFO 休息10s
2019-09-19 00:24:15,553 run.py[line:49] INFO 剩余打招呼次数65次
2019-09-19 00:24:25,712 zhipin.py[line:244] INFO 简历查看成功
2019-09-19 00:24:25,713 zhipin.py[line:210] INFO 开始对朱婧婷打招呼
2019-09-19 00:24:26,120 zhipin.py[line:220] DEBUG {"data":[{"geekId":20120039,"newfriend":1,"status":1,"stateDes":null,"greeting":"","greetingTip":0,"limitTitle":null,"limitCode":0,"beanCount":0,"restDays":0,"actionCount":0,"positionName":null,"jobId":null,"priceId":null,"targetId":null,"targetType":0,"payMode":0,"dayViewCount":0,"dayChatCount":0,"ba":null,"business":0,"blockPageData":null,"chatToast":null,"currentPriceType":0,"configId":0,"experiencePriceId":null}],"resmsg":"请求成功","rescode":1,"experiencePriceId":null,"configId":"07b5df7e131fbe2e1w~~"}
2019-09-19 00:24:26,162 zhipin.py[line:227] INFO 打招呼成功
2019-09-19 00:24:26,162 run.py[line:48] INFO 休息10s
2019-09-19 00:24:26,163 run.py[line:49] INFO 剩余打招呼次数64次
2019-09-19 00:24:36,270 zhipin.py[line:244] INFO 简历查看成功
2019-09-19 00:24:36,270 zhipin.py[line:210] INFO 开始对李瑞程打招呼
2019-09-19 00:24:36,550 zhipin.py[line:220] DEBUG {"data":[{"geekId":45940434,"newfriend":1,"status":1,"stateDes":null,"greeting":"","greetingTip":0,"limitTitle":null,"limitCode":0,"beanCount":0,"restDays":0,"actionCount":0,"positionName":null,"jobId":null,"priceId":null,"targetId":null,"targetType":0,"payMode":0,"dayViewCount":0,"dayChatCount":0,"ba":null,"business":0,"blockPageData":null,"chatToast":null,"currentPriceType":0,"configId":0,"experiencePriceId":null}],"resmsg":"请求成功","rescode":1,"experiencePriceId":null,"configId":"07b5df7e131fbe2e1w~~"}
2019-09-19 00:24:36,551 zhipin.py[line:227] INFO 打招呼成功
2019-09-19 00:24:36,551 run.py[line:48] INFO 休息10s
2019-09-19 00:24:36,551 run.py[line:49] INFO 剩余打招呼次数63次
2019-09-19 00:24:46,672 zhipin.py[line:244] INFO 简历查看成功
2019-09-19 00:24:46,674 zhipin.py[line:210] INFO 开始对李燕打招呼
2019-09-19 00:24:46,999 zhipin.py[line:220] DEBUG {"data":[{"geekId":56512785,"newfriend":1,"status":1,"stateDes":null,"greeting":"","greetingTip":0,"limitTitle":null,"limitCode":0,"beanCount":0,"restDays":0,"actionCount":0,"positionName":null,"jobId":null,"priceId":null,"targetId":null,"targetType":0,"payMode":0,"dayViewCount":0,"dayChatCount":0,"ba":null,"business":0,"blockPageData":null,"chatToast":null,"currentPriceType":0,"configId":0,"experiencePriceId":null}],"resmsg":"请求成功","rescode":1,"experiencePriceId":null,"configId":"07b5df7e131fbe2e1w~~"}
2019-09-19 00:24:46,999 zhipin.py[line:227] INFO 打招呼成功
2019-09-19 00:24:46,999 run.py[line:48] INFO 休息10s
2019-09-19 00:24:46,999 run.py[line:49] INFO 剩余打招呼次数62次
